<?xml version="1.0" encoding="UTF-8"?>
<robot generator="Robot 4.1.3 (Python 3.10.2 on win32)" generated="20220204 14:36:34.799" rpa="false" schemaversion="2">
<suite id="s1" name="Tests" source="C:\qaninja\twp\tests">
<suite id="s1-s1" name="Buttons" source="C:\qaninja\twp\tests\buttons.robot">
<test id="s1-s1-t1" name="Deve realizar um clique simples">
<kw name="Open Session" library="base" type="SETUP">
<kw name="Set Appium Timeout" library="AppiumLibrary">
<arg>5</arg>
<doc>Sets the timeout in seconds used by various keywords.</doc>
<status status="PASS" starttime="20220204 14:36:35.292" endtime="20220204 14:36:35.293"/>
</kw>
<kw name="Open Application" library="AppiumLibrary">
<arg>http://localhost:4723/wd/hub</arg>
<arg>automationName=UiAutomator2</arg>
<arg>platformName=Android</arg>
<arg>deviceName=Android Emulator</arg>
<arg>app=${EXECDIR}/app/twp.apk</arg>
<doc>Opens a new application to given Appium server.
Capabilities of appium server, Android and iOS,
Please check https://github.com/appium/appium/blob/master/docs/en/writing-running-appium/server-args.md
| *Option*            | *Man.* | *Description*     |
| remote_url          | Yes    | Appium server url |
| alias               | no     | alias             |</doc>
<status status="PASS" starttime="20220204 14:36:35.293" endtime="20220204 14:36:57.293"/>
</kw>
<kw name="Get Started" library="helpers">
<kw name="Wait Until Page Contains" library="AppiumLibrary">
<arg>${START}</arg>
<doc>Waits until `text` appears on current page.</doc>
<status status="PASS" starttime="20220204 14:36:57.294" endtime="20220204 14:37:01.435"/>
</kw>
<kw name="Click Text" library="AppiumLibrary">
<arg>${START}</arg>
<doc>Click text identified by ``text``.</doc>
<status status="PASS" starttime="20220204 14:37:01.436" endtime="20220204 14:37:01.801"/>
</kw>
<status status="PASS" starttime="20220204 14:36:57.293" endtime="20220204 14:37:01.802"/>
</kw>
<status status="PASS" starttime="20220204 14:36:35.292" endtime="20220204 14:37:01.802"/>
</kw>
<kw name="Go to Short Click" library="helpers">
<kw name="Open Nav" library="helpers">
<kw name="Wait Until Element Is Visible" library="AppiumLibrary">
<arg>${HAMBURGER}</arg>
<doc>Waits until element specified with `locator` is visible.</doc>
<status status="PASS" starttime="20220204 14:37:01.806" endtime="20220204 14:37:03.244"/>
</kw>
<kw name="Click Element" library="AppiumLibrary">
<arg>${HAMBURGER}</arg>
<doc>Click element identified by `locator`.</doc>
<msg timestamp="20220204 14:37:03.247" level="INFO">Clicking element 'xpath=//android.widget.ImageButton[@content-desc="Open navigation drawer"]'.</msg>
<status status="PASS" starttime="20220204 14:37:03.245" endtime="20220204 14:37:03.447"/>
</kw>
<kw name="Wait Until Element Is Visible" library="AppiumLibrary">
<arg>${NAV_VIEW}</arg>
<doc>Waits until element specified with `locator` is visible.</doc>
<status status="PASS" starttime="20220204 14:37:03.447" endtime="20220204 14:37:04.437"/>
</kw>
<status status="PASS" starttime="20220204 14:37:01.805" endtime="20220204 14:37:04.437"/>
</kw>
<kw name="Click Text" library="AppiumLibrary">
<arg>BOTÕES</arg>
<doc>Click text identified by ``text``.</doc>
<status status="PASS" starttime="20220204 14:37:04.438" endtime="20220204 14:37:04.785"/>
</kw>
<kw name="Wait Until Page Contains" library="AppiumLibrary">
<arg>CLIQUE SIMPLES</arg>
<doc>Waits until `text` appears on current page.</doc>
<status status="PASS" starttime="20220204 14:37:04.786" endtime="20220204 14:37:05.469"/>
</kw>
<kw name="Click Text" library="AppiumLibrary">
<arg>CLIQUE SIMPLES</arg>
<doc>Click text identified by ``text``.</doc>
<status status="PASS" starttime="20220204 14:37:05.470" endtime="20220204 14:37:05.889"/>
</kw>
<kw name="Wait Until Page Contains" library="AppiumLibrary">
<arg>Botão clique simples</arg>
<doc>Waits until `text` appears on current page.</doc>
<status status="PASS" starttime="20220204 14:37:05.890" endtime="20220204 14:37:07.187"/>
</kw>
<status status="PASS" starttime="20220204 14:37:01.804" endtime="20220204 14:37:07.188"/>
</kw>
<kw name="Click Element" library="AppiumLibrary">
<arg>id=io.qaninja.android.twp:id/short_click</arg>
<doc>Click element identified by `locator`.</doc>
<msg timestamp="20220204 14:37:07.191" level="INFO">Clicking element 'id=io.qaninja.android.twp:id/short_click'.</msg>
<status status="PASS" starttime="20220204 14:37:07.189" endtime="20220204 14:37:07.321"/>
</kw>
<kw name="Wait Until Page Contains" library="AppiumLibrary">
<arg>Isso é um clique simples</arg>
<doc>Waits until `text` appears on current page.</doc>
<status status="PASS" starttime="20220204 14:37:07.324" endtime="20220204 14:37:07.720"/>
</kw>
<kw name="Close Session" library="base" type="TEARDOWN">
<kw name="Capture Page Screenshot" library="AppiumLibrary">
<doc>Takes a screenshot of the current page and embeds it into the log.</doc>
<msg timestamp="20220204 14:37:08.601" level="INFO" html="true">&lt;/td&gt;&lt;/tr&gt;&lt;tr&gt;&lt;td colspan="3"&gt;&lt;a href="appium-screenshot-1.png"&gt;&lt;img src="appium-screenshot-1.png" width="800px"&gt;&lt;/a&gt;</msg>
<status status="PASS" starttime="20220204 14:37:07.726" endtime="20220204 14:37:08.601"/>
</kw>
<kw name="Close Application" library="AppiumLibrary">
<doc>Closes the current application and also close webdriver session.</doc>
<status status="PASS" starttime="20220204 14:37:08.601" endtime="20220204 14:37:10.386"/>
</kw>
<status status="PASS" starttime="20220204 14:37:07.724" endtime="20220204 14:37:10.386"/>
</kw>
<tag>short</tag>
<status status="PASS" starttime="20220204 14:36:35.291" endtime="20220204 14:37:10.387"/>
</test>
<test id="s1-s1-t2" name="Deve realizar um clique longo">
<kw name="Open Session" library="base" type="SETUP">
<kw name="Set Appium Timeout" library="AppiumLibrary">
<arg>5</arg>
<doc>Sets the timeout in seconds used by various keywords.</doc>
<status status="PASS" starttime="20220204 14:37:10.392" endtime="20220204 14:37:10.393"/>
</kw>
<kw name="Open Application" library="AppiumLibrary">
<arg>http://localhost:4723/wd/hub</arg>
<arg>automationName=UiAutomator2</arg>
<arg>platformName=Android</arg>
<arg>deviceName=Android Emulator</arg>
<arg>app=${EXECDIR}/app/twp.apk</arg>
<doc>Opens a new application to given Appium server.
Capabilities of appium server, Android and iOS,
Please check https://github.com/appium/appium/blob/master/docs/en/writing-running-appium/server-args.md
| *Option*            | *Man.* | *Description*     |
| remote_url          | Yes    | Appium server url |
| alias               | no     | alias             |</doc>
<status status="PASS" starttime="20220204 14:37:10.393" endtime="20220204 14:37:30.800"/>
</kw>
<kw name="Get Started" library="helpers">
<kw name="Wait Until Page Contains" library="AppiumLibrary">
<arg>${START}</arg>
<doc>Waits until `text` appears on current page.</doc>
<status status="PASS" starttime="20220204 14:37:30.802" endtime="20220204 14:37:34.619"/>
</kw>
<kw name="Click Text" library="AppiumLibrary">
<arg>${START}</arg>
<doc>Click text identified by ``text``.</doc>
<status status="PASS" starttime="20220204 14:37:34.620" endtime="20220204 14:37:35.040"/>
</kw>
<status status="PASS" starttime="20220204 14:37:30.800" endtime="20220204 14:37:35.041"/>
</kw>
<status status="PASS" starttime="20220204 14:37:10.391" endtime="20220204 14:37:35.041"/>
</kw>
<kw name="Go to Long Click" library="helpers">
<kw name="Open Nav" library="helpers">
<kw name="Wait Until Element Is Visible" library="AppiumLibrary">
<arg>${HAMBURGER}</arg>
<doc>Waits until element specified with `locator` is visible.</doc>
<status status="PASS" starttime="20220204 14:37:35.045" endtime="20220204 14:37:36.514"/>
</kw>
<kw name="Click Element" library="AppiumLibrary">
<arg>${HAMBURGER}</arg>
<doc>Click element identified by `locator`.</doc>
<msg timestamp="20220204 14:37:36.519" level="INFO">Clicking element 'xpath=//android.widget.ImageButton[@content-desc="Open navigation drawer"]'.</msg>
<status status="PASS" starttime="20220204 14:37:36.514" endtime="20220204 14:37:36.756"/>
</kw>
<kw name="Wait Until Element Is Visible" library="AppiumLibrary">
<arg>${NAV_VIEW}</arg>
<doc>Waits until element specified with `locator` is visible.</doc>
<status status="PASS" starttime="20220204 14:37:36.756" endtime="20220204 14:37:37.740"/>
</kw>
<status status="PASS" starttime="20220204 14:37:35.044" endtime="20220204 14:37:37.741"/>
</kw>
<kw name="Click Text" library="AppiumLibrary">
<arg>BOTÕES</arg>
<doc>Click text identified by ``text``.</doc>
<status status="PASS" starttime="20220204 14:37:37.741" endtime="20220204 14:37:38.051"/>
</kw>
<kw name="Wait Until Page Contains" library="AppiumLibrary">
<arg>CLIQUE LONGO</arg>
<doc>Waits until `text` appears on current page.</doc>
<status status="PASS" starttime="20220204 14:37:38.051" endtime="20220204 14:37:38.736"/>
</kw>
<kw name="Click Text" library="AppiumLibrary">
<arg>CLIQUE LONGO</arg>
<doc>Click text identified by ``text``.</doc>
<status status="PASS" starttime="20220204 14:37:38.737" endtime="20220204 14:37:39.153"/>
</kw>
<kw name="Wait Until Page Contains" library="AppiumLibrary">
<arg>Botão clique longo</arg>
<doc>Waits until `text` appears on current page.</doc>
<status status="PASS" starttime="20220204 14:37:39.153" endtime="20220204 14:37:40.300"/>
</kw>
<status status="PASS" starttime="20220204 14:37:35.043" endtime="20220204 14:37:40.300"/>
</kw>
<kw name="Long Press" library="AppiumLibrary">
<arg>id=io.qaninja.android.twp:id/long_click</arg>
<arg>1000</arg>
<doc>Long press the element with optional duration</doc>
<status status="PASS" starttime="20220204 14:37:40.302" endtime="20220204 14:37:43.019"/>
</kw>
<kw name="Wait Until Page Contains" library="AppiumLibrary">
<arg>CLIQUE LONGO OK</arg>
<doc>Waits until `text` appears on current page.</doc>
<status status="PASS" starttime="20220204 14:37:43.020" endtime="20220204 14:37:43.150"/>
</kw>
<kw name="Close Session" library="base" type="TEARDOWN">
<kw name="Capture Page Screenshot" library="AppiumLibrary">
<doc>Takes a screenshot of the current page and embeds it into the log.</doc>
<msg timestamp="20220204 14:37:43.784" level="INFO" html="true">&lt;/td&gt;&lt;/tr&gt;&lt;tr&gt;&lt;td colspan="3"&gt;&lt;a href="appium-screenshot-2.png"&gt;&lt;img src="appium-screenshot-2.png" width="800px"&gt;&lt;/a&gt;</msg>
<status status="PASS" starttime="20220204 14:37:43.152" endtime="20220204 14:37:43.785"/>
</kw>
<kw name="Close Application" library="AppiumLibrary">
<doc>Closes the current application and also close webdriver session.</doc>
<status status="PASS" starttime="20220204 14:37:43.785" endtime="20220204 14:37:45.425"/>
</kw>
<status status="PASS" starttime="20220204 14:37:43.151" endtime="20220204 14:37:45.425"/>
</kw>
<tag>long</tag>
<status status="PASS" starttime="20220204 14:37:10.390" endtime="20220204 14:37:45.426"/>
</test>
<status status="PASS" starttime="20220204 14:36:34.870" endtime="20220204 14:37:45.430"/>
</suite>
<suite id="s1-s2" name="Checkbox" source="C:\qaninja\twp\tests\checkbox.robot">
<test id="s1-s2-t1" name="Deve marcar a opção Robot Framework">
<kw name="Open Session" library="base" type="SETUP">
<kw name="Set Appium Timeout" library="AppiumLibrary">
<arg>5</arg>
<doc>Sets the timeout in seconds used by various keywords.</doc>
<status status="PASS" starttime="20220204 14:37:45.455" endtime="20220204 14:37:45.456"/>
</kw>
<kw name="Open Application" library="AppiumLibrary">
<arg>http://localhost:4723/wd/hub</arg>
<arg>automationName=UiAutomator2</arg>
<arg>platformName=Android</arg>
<arg>deviceName=Android Emulator</arg>
<arg>app=${EXECDIR}/app/twp.apk</arg>
<doc>Opens a new application to given Appium server.
Capabilities of appium server, Android and iOS,
Please check https://github.com/appium/appium/blob/master/docs/en/writing-running-appium/server-args.md
| *Option*            | *Man.* | *Description*     |
| remote_url          | Yes    | Appium server url |
| alias               | no     | alias             |</doc>
<status status="PASS" starttime="20220204 14:37:45.456" endtime="20220204 14:38:06.122"/>
</kw>
<kw name="Get Started" library="helpers">
<kw name="Wait Until Page Contains" library="AppiumLibrary">
<arg>${START}</arg>
<doc>Waits until `text` appears on current page.</doc>
<status status="PASS" starttime="20220204 14:38:06.123" endtime="20220204 14:38:10.001"/>
</kw>
<kw name="Click Text" library="AppiumLibrary">
<arg>${START}</arg>
<doc>Click text identified by ``text``.</doc>
<status status="PASS" starttime="20220204 14:38:10.001" endtime="20220204 14:38:10.509"/>
</kw>
<status status="PASS" starttime="20220204 14:38:06.122" endtime="20220204 14:38:10.510"/>
</kw>
<status status="PASS" starttime="20220204 14:37:45.454" endtime="20220204 14:38:10.510"/>
</kw>
<kw name="Go To CheckBox" library="helpers">
<kw name="Open Nav" library="helpers">
<kw name="Wait Until Element Is Visible" library="AppiumLibrary">
<arg>${HAMBURGER}</arg>
<doc>Waits until element specified with `locator` is visible.</doc>
<status status="PASS" starttime="20220204 14:38:10.513" endtime="20220204 14:38:12.021"/>
</kw>
<kw name="Click Element" library="AppiumLibrary">
<arg>${HAMBURGER}</arg>
<doc>Click element identified by `locator`.</doc>
<msg timestamp="20220204 14:38:12.026" level="INFO">Clicking element 'xpath=//android.widget.ImageButton[@content-desc="Open navigation drawer"]'.</msg>
<status status="PASS" starttime="20220204 14:38:12.022" endtime="20220204 14:38:12.272"/>
</kw>
<kw name="Wait Until Element Is Visible" library="AppiumLibrary">
<arg>${NAV_VIEW}</arg>
<doc>Waits until element specified with `locator` is visible.</doc>
<status status="PASS" starttime="20220204 14:38:12.272" endtime="20220204 14:38:13.283"/>
</kw>
<status status="PASS" starttime="20220204 14:38:10.512" endtime="20220204 14:38:13.284"/>
</kw>
<kw name="Click Text" library="AppiumLibrary">
<arg>INPUTS</arg>
<doc>Click text identified by ``text``.</doc>
<status status="PASS" starttime="20220204 14:38:13.284" endtime="20220204 14:38:13.586"/>
</kw>
<kw name="Wait Until Page Contains" library="AppiumLibrary">
<arg>INPUTS</arg>
<doc>Waits until `text` appears on current page.</doc>
<status status="PASS" starttime="20220204 14:38:13.586" endtime="20220204 14:38:14.285"/>
</kw>
<kw name="Click Text" library="AppiumLibrary">
<arg>CHECKBOX</arg>
<doc>Click text identified by ``text``.</doc>
<status status="PASS" starttime="20220204 14:38:14.286" endtime="20220204 14:38:14.694"/>
</kw>
<kw name="Wait Until Page Contains" library="AppiumLibrary">
<arg>Marque as techs que usam Appium</arg>
<doc>Waits until `text` appears on current page.</doc>
<status status="PASS" starttime="20220204 14:38:14.694" endtime="20220204 14:38:16.162"/>
</kw>
<status status="PASS" starttime="20220204 14:38:10.511" endtime="20220204 14:38:16.163"/>
</kw>
<kw name="Set Variable" library="BuiltIn">
<var>${element}</var>
<arg>xpath=//android.widget.CheckBox[contains(@text, 'Robot Framework')]</arg>
<doc>Returns the given values which can then be assigned to a variables.</doc>
<msg timestamp="20220204 14:38:16.164" level="INFO">${element} = xpath=//android.widget.CheckBox[contains(@text, 'Robot Framework')]</msg>
<status status="PASS" starttime="20220204 14:38:16.164" endtime="20220204 14:38:16.164"/>
</kw>
<kw name="Click Element" library="AppiumLibrary">
<arg>${element}</arg>
<doc>Click element identified by `locator`.</doc>
<msg timestamp="20220204 14:38:16.171" level="INFO">Clicking element 'xpath=//android.widget.CheckBox[contains(@text, 'Robot Framework')]'.</msg>
<status status="PASS" starttime="20220204 14:38:16.165" endtime="20220204 14:38:16.394"/>
</kw>
<kw name="Wait Until Element Is Visible" library="AppiumLibrary">
<arg>id=io.qaninja.android.twp:id/rvContainer</arg>
<doc>Waits until element specified with `locator` is visible.</doc>
<status status="PASS" starttime="20220204 14:38:16.395" endtime="20220204 14:38:17.526"/>
</kw>
<kw name="Element Attribute Should Match" library="AppiumLibrary">
<arg>${element}</arg>
<arg>checked</arg>
<arg>true</arg>
<doc>Verify that an attribute of an element matches the expected criteria.</doc>
<msg timestamp="20220204 14:38:17.722" level="INFO">Element 'xpath=//android.widget.CheckBox[contains(@text, 'Robot Framework')]' attribute 'checked' is 'true' </msg>
<status status="PASS" starttime="20220204 14:38:17.527" endtime="20220204 14:38:17.722"/>
</kw>
<kw name="Close Session" library="base" type="TEARDOWN">
<kw name="Capture Page Screenshot" library="AppiumLibrary">
<doc>Takes a screenshot of the current page and embeds it into the log.</doc>
<msg timestamp="20220204 14:38:18.399" level="INFO" html="true">&lt;/td&gt;&lt;/tr&gt;&lt;tr&gt;&lt;td colspan="3"&gt;&lt;a href="appium-screenshot-3.png"&gt;&lt;img src="appium-screenshot-3.png" width="800px"&gt;&lt;/a&gt;</msg>
<status status="PASS" starttime="20220204 14:38:17.724" endtime="20220204 14:38:18.399"/>
</kw>
<kw name="Close Application" library="AppiumLibrary">
<doc>Closes the current application and also close webdriver session.</doc>
<status status="PASS" starttime="20220204 14:38:18.399" endtime="20220204 14:38:20.058"/>
</kw>
<status status="PASS" starttime="20220204 14:38:17.724" endtime="20220204 14:38:20.059"/>
</kw>
<status status="PASS" starttime="20220204 14:37:45.452" endtime="20220204 14:38:20.060"/>
</test>
<status status="PASS" starttime="20220204 14:37:45.434" endtime="20220204 14:38:20.063"/>
</suite>
<suite id="s1-s3" name="Drag-And-Drop" source="C:\qaninja\twp\tests\drag-and-drop.robot">
<test id="s1-s3-t1" name="Deve remover o Hulk para o topo da Lista">
<kw name="Open Session" library="base" type="SETUP">
<kw name="Set Appium Timeout" library="AppiumLibrary">
<arg>5</arg>
<doc>Sets the timeout in seconds used by various keywords.</doc>
<status status="PASS" starttime="20220204 14:38:20.090" endtime="20220204 14:38:20.090"/>
</kw>
<kw name="Open Application" library="AppiumLibrary">
<arg>http://localhost:4723/wd/hub</arg>
<arg>automationName=UiAutomator2</arg>
<arg>platformName=Android</arg>
<arg>deviceName=Android Emulator</arg>
<arg>app=${EXECDIR}/app/twp.apk</arg>
<doc>Opens a new application to given Appium server.
Capabilities of appium server, Android and iOS,
Please check https://github.com/appium/appium/blob/master/docs/en/writing-running-appium/server-args.md
| *Option*            | *Man.* | *Description*     |
| remote_url          | Yes    | Appium server url |
| alias               | no     | alias             |</doc>
<status status="PASS" starttime="20220204 14:38:20.091" endtime="20220204 14:38:40.416"/>
</kw>
<kw name="Get Started" library="helpers">
<kw name="Wait Until Page Contains" library="AppiumLibrary">
<arg>${START}</arg>
<doc>Waits until `text` appears on current page.</doc>
<status status="PASS" starttime="20220204 14:38:40.418" endtime="20220204 14:38:44.301"/>
</kw>
<kw name="Click Text" library="AppiumLibrary">
<arg>${START}</arg>
<doc>Click text identified by ``text``.</doc>
<status status="PASS" starttime="20220204 14:38:44.301" endtime="20220204 14:38:44.736"/>
</kw>
<status status="PASS" starttime="20220204 14:38:40.417" endtime="20220204 14:38:44.737"/>
</kw>
<status status="PASS" starttime="20220204 14:38:20.089" endtime="20220204 14:38:44.737"/>
</kw>
<kw name="Go To Avenger List" library="helpers">
<kw name="Open Nav" library="helpers">
<kw name="Wait Until Element Is Visible" library="AppiumLibrary">
<arg>${HAMBURGER}</arg>
<doc>Waits until element specified with `locator` is visible.</doc>
<status status="PASS" starttime="20220204 14:38:44.741" endtime="20220204 14:38:46.157"/>
</kw>
<kw name="Click Element" library="AppiumLibrary">
<arg>${HAMBURGER}</arg>
<doc>Click element identified by `locator`.</doc>
<msg timestamp="20220204 14:38:46.163" level="INFO">Clicking element 'xpath=//android.widget.ImageButton[@content-desc="Open navigation drawer"]'.</msg>
<status status="PASS" starttime="20220204 14:38:46.157" endtime="20220204 14:38:46.375"/>
</kw>
<kw name="Wait Until Element Is Visible" library="AppiumLibrary">
<arg>${NAV_VIEW}</arg>
<doc>Waits until element specified with `locator` is visible.</doc>
<status status="PASS" starttime="20220204 14:38:46.375" endtime="20220204 14:38:47.359"/>
</kw>
<status status="PASS" starttime="20220204 14:38:44.739" endtime="20220204 14:38:47.360"/>
</kw>
<kw name="Click Text" library="AppiumLibrary">
<arg>AVENGERS</arg>
<doc>Click text identified by ``text``.</doc>
<status status="PASS" starttime="20220204 14:38:47.360" endtime="20220204 14:38:47.672"/>
</kw>
<kw name="Wait Until Page Contains" library="AppiumLibrary">
<arg>AVENGERS</arg>
<doc>Waits until `text` appears on current page.</doc>
<status status="PASS" starttime="20220204 14:38:47.672" endtime="20220204 14:38:48.386"/>
</kw>
<kw name="Click Text" library="AppiumLibrary">
<arg>LISTA</arg>
<doc>Click text identified by ``text``.</doc>
<status status="PASS" starttime="20220204 14:38:48.387" endtime="20220204 14:38:48.755"/>
</kw>
<kw name="Wait Until Page Contains" library="AppiumLibrary">
<arg>LISTA</arg>
<doc>Waits until `text` appears on current page.</doc>
<status status="PASS" starttime="20220204 14:38:48.756" endtime="20220204 14:38:49.072"/>
</kw>
<status status="PASS" starttime="20220204 14:38:44.738" endtime="20220204 14:38:49.073"/>
</kw>
<kw name="Drag And Drop" library="extend">
<arg>io.qaninja.android.twp:id/drag_handle</arg>
<arg>3</arg>
<arg>0</arg>
<status status="PASS" starttime="20220204 14:38:49.075" endtime="20220204 14:39:01.831"/>
</kw>
<kw name="Close Session" library="base" type="TEARDOWN">
<kw name="Capture Page Screenshot" library="AppiumLibrary">
<doc>Takes a screenshot of the current page and embeds it into the log.</doc>
<msg timestamp="20220204 14:39:02.546" level="INFO" html="true">&lt;/td&gt;&lt;/tr&gt;&lt;tr&gt;&lt;td colspan="3"&gt;&lt;a href="appium-screenshot-4.png"&gt;&lt;img src="appium-screenshot-4.png" width="800px"&gt;&lt;/a&gt;</msg>
<status status="PASS" starttime="20220204 14:39:01.835" endtime="20220204 14:39:02.547"/>
</kw>
<kw name="Close Application" library="AppiumLibrary">
<doc>Closes the current application and also close webdriver session.</doc>
<status status="PASS" starttime="20220204 14:39:02.547" endtime="20220204 14:39:04.167"/>
</kw>
<status status="PASS" starttime="20220204 14:39:01.833" endtime="20220204 14:39:04.167"/>
</kw>
<status status="PASS" starttime="20220204 14:38:20.086" endtime="20220204 14:39:04.168"/>
</test>
<status status="PASS" starttime="20220204 14:38:20.067" endtime="20220204 14:39:04.172"/>
</suite>
<suite id="s1-s4" name="Home" source="C:\qaninja\twp\tests\home.robot">
<test id="s1-s4-t1" name="Deve abrir a tela principal">
<kw name="Open Application" library="AppiumLibrary">
<arg>http://localhost:4723/wd/hub</arg>
<arg>automationName=UiAutomator2</arg>
<arg>platformName=Android</arg>
<arg>deviceName=Android Emulator</arg>
<arg>app=${EXECDIR}/app/twp.apk</arg>
<doc>Opens a new application to given Appium server.
Capabilities of appium server, Android and iOS,
Please check https://github.com/appium/appium/blob/master/docs/en/writing-running-appium/server-args.md
| *Option*            | *Man.* | *Description*     |
| remote_url          | Yes    | Appium server url |
| alias               | no     | alias             |</doc>
<status status="PASS" starttime="20220204 14:39:04.190" endtime="20220204 14:39:24.682"/>
</kw>
<kw name="Wait Until Page Contains" library="AppiumLibrary">
<arg>Training Wheels Protocol</arg>
<arg>5</arg>
<doc>Waits until `text` appears on current page.</doc>
<status status="PASS" starttime="20220204 14:39:24.684" endtime="20220204 14:39:28.729"/>
</kw>
<kw name="Wait Until Page Contains" library="AppiumLibrary">
<arg>Mobile Version</arg>
<doc>Waits until `text` appears on current page.</doc>
<status status="PASS" starttime="20220204 14:39:28.731" endtime="20220204 14:39:28.918"/>
</kw>
<kw name="Close Application" library="AppiumLibrary">
<doc>Closes the current application and also close webdriver session.</doc>
<status status="PASS" starttime="20220204 14:39:28.920" endtime="20220204 14:39:30.523"/>
</kw>
<status status="PASS" starttime="20220204 14:39:04.189" endtime="20220204 14:39:30.524"/>
</test>
<status status="PASS" starttime="20220204 14:39:04.177" endtime="20220204 14:39:30.527"/>
</suite>
<suite id="s1-s5" name="Login" source="C:\qaninja\twp\tests\login.robot">
<test id="s1-s5-t1" name="Deve logar com sucesso">
<kw name="Open Session" library="base" type="SETUP">
<kw name="Set Appium Timeout" library="AppiumLibrary">
<arg>5</arg>
<doc>Sets the timeout in seconds used by various keywords.</doc>
<status status="PASS" starttime="20220204 14:39:30.547" endtime="20220204 14:39:30.548"/>
</kw>
<kw name="Open Application" library="AppiumLibrary">
<arg>http://localhost:4723/wd/hub</arg>
<arg>automationName=UiAutomator2</arg>
<arg>platformName=Android</arg>
<arg>deviceName=Android Emulator</arg>
<arg>app=${EXECDIR}/app/twp.apk</arg>
<doc>Opens a new application to given Appium server.
Capabilities of appium server, Android and iOS,
Please check https://github.com/appium/appium/blob/master/docs/en/writing-running-appium/server-args.md
| *Option*            | *Man.* | *Description*     |
| remote_url          | Yes    | Appium server url |
| alias               | no     | alias             |</doc>
<status status="PASS" starttime="20220204 14:39:30.548" endtime="20220204 14:39:50.584"/>
</kw>
<kw name="Get Started" library="helpers">
<kw name="Wait Until Page Contains" library="AppiumLibrary">
<arg>${START}</arg>
<doc>Waits until `text` appears on current page.</doc>
<status status="PASS" starttime="20220204 14:39:50.586" endtime="20220204 14:39:54.573"/>
</kw>
<kw name="Click Text" library="AppiumLibrary">
<arg>${START}</arg>
<doc>Click text identified by ``text``.</doc>
<status status="PASS" starttime="20220204 14:39:54.573" endtime="20220204 14:39:54.989"/>
</kw>
<status status="PASS" starttime="20220204 14:39:50.585" endtime="20220204 14:39:54.990"/>
</kw>
<status status="PASS" starttime="20220204 14:39:30.546" endtime="20220204 14:39:54.990"/>
</kw>
<kw name="Go To Login Form" library="helpers">
<kw name="Open Nav" library="helpers">
<kw name="Wait Until Element Is Visible" library="AppiumLibrary">
<arg>${HAMBURGER}</arg>
<doc>Waits until element specified with `locator` is visible.</doc>
<status status="PASS" starttime="20220204 14:39:54.992" endtime="20220204 14:39:56.334"/>
</kw>
<kw name="Click Element" library="AppiumLibrary">
<arg>${HAMBURGER}</arg>
<doc>Click element identified by `locator`.</doc>
<msg timestamp="20220204 14:39:56.339" level="INFO">Clicking element 'xpath=//android.widget.ImageButton[@content-desc="Open navigation drawer"]'.</msg>
<status status="PASS" starttime="20220204 14:39:56.335" endtime="20220204 14:39:56.544"/>
</kw>
<kw name="Wait Until Element Is Visible" library="AppiumLibrary">
<arg>${NAV_VIEW}</arg>
<doc>Waits until element specified with `locator` is visible.</doc>
<status status="PASS" starttime="20220204 14:39:56.544" endtime="20220204 14:39:57.509"/>
</kw>
<status status="PASS" starttime="20220204 14:39:54.992" endtime="20220204 14:39:57.510"/>
</kw>
<kw name="Click Text" library="AppiumLibrary">
<arg>FORMS</arg>
<doc>Click text identified by ``text``.</doc>
<status status="PASS" starttime="20220204 14:39:57.510" endtime="20220204 14:39:57.784"/>
</kw>
<kw name="Wait Until Page Contains" library="AppiumLibrary">
<arg>FORMS</arg>
<doc>Waits until `text` appears on current page.</doc>
<status status="PASS" starttime="20220204 14:39:57.784" endtime="20220204 14:39:58.481"/>
</kw>
<kw name="Click Text" library="AppiumLibrary">
<arg>LOGIN</arg>
<doc>Click text identified by ``text``.</doc>
<status status="PASS" starttime="20220204 14:39:58.481" endtime="20220204 14:39:58.881"/>
</kw>
<kw name="Wait Until Page Contains" library="AppiumLibrary">
<arg>Fala QA, vamos testar o login?</arg>
<doc>Waits until `text` appears on current page.</doc>
<status status="PASS" starttime="20220204 14:39:58.882" endtime="20220204 14:40:00.763"/>
</kw>
<status status="PASS" starttime="20220204 14:39:54.991" endtime="20220204 14:40:00.763"/>
</kw>
<kw name="Input Text" library="AppiumLibrary">
<arg>id=io.qaninja.android.twp:id/etEmail</arg>
<arg>eu@papito.io</arg>
<doc>Types the given `text` into text field identified by `locator`.</doc>
<msg timestamp="20220204 14:40:00.767" level="INFO">Typing text 'eu@papito.io' into text field 'id=io.qaninja.android.twp:id/etEmail'</msg>
<status status="PASS" starttime="20220204 14:40:00.764" endtime="20220204 14:40:01.412"/>
</kw>
<kw name="Input Text" library="AppiumLibrary">
<arg>id=io.qaninja.android.twp:id/etPassword</arg>
<arg>qaninja</arg>
<doc>Types the given `text` into text field identified by `locator`.</doc>
<msg timestamp="20220204 14:40:01.422" level="INFO">Typing text 'qaninja' into text field 'id=io.qaninja.android.twp:id/etPassword'</msg>
<status status="PASS" starttime="20220204 14:40:01.416" endtime="20220204 14:40:02.526"/>
</kw>
<kw name="Click Element" library="AppiumLibrary">
<arg>id=io.qaninja.android.twp:id/btnSubmit</arg>
<doc>Click element identified by `locator`.</doc>
<msg timestamp="20220204 14:40:02.535" level="INFO">Clicking element 'id=io.qaninja.android.twp:id/btnSubmit'.</msg>
<status status="PASS" starttime="20220204 14:40:02.527" endtime="20220204 14:40:03.104"/>
</kw>
<kw name="Wait Until Page Contains" library="AppiumLibrary">
<arg>Show! Suas credenciais são validas.</arg>
<doc>Waits until `text` appears on current page.</doc>
<status status="PASS" starttime="20220204 14:40:03.105" endtime="20220204 14:40:03.537"/>
</kw>
<kw name="Close Session" library="base" type="TEARDOWN">
<kw name="Capture Page Screenshot" library="AppiumLibrary">
<doc>Takes a screenshot of the current page and embeds it into the log.</doc>
<msg timestamp="20220204 14:40:04.483" level="INFO" html="true">&lt;/td&gt;&lt;/tr&gt;&lt;tr&gt;&lt;td colspan="3"&gt;&lt;a href="appium-screenshot-5.png"&gt;&lt;img src="appium-screenshot-5.png" width="800px"&gt;&lt;/a&gt;</msg>
<status status="PASS" starttime="20220204 14:40:03.540" endtime="20220204 14:40:04.484"/>
</kw>
<kw name="Close Application" library="AppiumLibrary">
<doc>Closes the current application and also close webdriver session.</doc>
<status status="PASS" starttime="20220204 14:40:04.484" endtime="20220204 14:40:06.110"/>
</kw>
<status status="PASS" starttime="20220204 14:40:03.539" endtime="20220204 14:40:06.111"/>
</kw>
<status status="PASS" starttime="20220204 14:39:30.545" endtime="20220204 14:40:06.112"/>
</test>
<status status="PASS" starttime="20220204 14:39:30.531" endtime="20220204 14:40:06.116"/>
</suite>
<suite id="s1-s6" name="Nav" source="C:\qaninja\twp\tests\nav.robot">
<test id="s1-s6-t1" name="Deve acessar a tela Dialogs">
<kw name="Open Session" library="base" type="SETUP">
<kw name="Set Appium Timeout" library="AppiumLibrary">
<arg>5</arg>
<doc>Sets the timeout in seconds used by various keywords.</doc>
<status status="PASS" starttime="20220204 14:40:06.140" endtime="20220204 14:40:06.141"/>
</kw>
<kw name="Open Application" library="AppiumLibrary">
<arg>http://localhost:4723/wd/hub</arg>
<arg>automationName=UiAutomator2</arg>
<arg>platformName=Android</arg>
<arg>deviceName=Android Emulator</arg>
<arg>app=${EXECDIR}/app/twp.apk</arg>
<doc>Opens a new application to given Appium server.
Capabilities of appium server, Android and iOS,
Please check https://github.com/appium/appium/blob/master/docs/en/writing-running-appium/server-args.md
| *Option*            | *Man.* | *Description*     |
| remote_url          | Yes    | Appium server url |
| alias               | no     | alias             |</doc>
<status status="PASS" starttime="20220204 14:40:06.141" endtime="20220204 14:40:26.469"/>
</kw>
<kw name="Get Started" library="helpers">
<kw name="Wait Until Page Contains" library="AppiumLibrary">
<arg>${START}</arg>
<doc>Waits until `text` appears on current page.</doc>
<status status="PASS" starttime="20220204 14:40:26.471" endtime="20220204 14:40:30.393"/>
</kw>
<kw name="Click Text" library="AppiumLibrary">
<arg>${START}</arg>
<doc>Click text identified by ``text``.</doc>
<status status="PASS" starttime="20220204 14:40:30.393" endtime="20220204 14:40:30.896"/>
</kw>
<status status="PASS" starttime="20220204 14:40:26.470" endtime="20220204 14:40:30.897"/>
</kw>
<status status="PASS" starttime="20220204 14:40:06.139" endtime="20220204 14:40:30.897"/>
</kw>
<kw name="Open Nav" library="helpers">
<kw name="Wait Until Element Is Visible" library="AppiumLibrary">
<arg>${HAMBURGER}</arg>
<doc>Waits until element specified with `locator` is visible.</doc>
<status status="PASS" starttime="20220204 14:40:30.900" endtime="20220204 14:40:32.432"/>
</kw>
<kw name="Click Element" library="AppiumLibrary">
<arg>${HAMBURGER}</arg>
<doc>Click element identified by `locator`.</doc>
<msg timestamp="20220204 14:40:32.436" level="INFO">Clicking element 'xpath=//android.widget.ImageButton[@content-desc="Open navigation drawer"]'.</msg>
<status status="PASS" starttime="20220204 14:40:32.432" endtime="20220204 14:40:32.677"/>
</kw>
<kw name="Wait Until Element Is Visible" library="AppiumLibrary">
<arg>${NAV_VIEW}</arg>
<doc>Waits until element specified with `locator` is visible.</doc>
<status status="PASS" starttime="20220204 14:40:32.677" endtime="20220204 14:40:33.830"/>
</kw>
<status status="PASS" starttime="20220204 14:40:30.899" endtime="20220204 14:40:33.831"/>
</kw>
<kw name="Click Text" library="AppiumLibrary">
<arg>DIALOGS</arg>
<doc>Click text identified by ``text``.</doc>
<status status="PASS" starttime="20220204 14:40:33.832" endtime="20220204 14:40:34.218"/>
</kw>
<kw name="Wait Until Element Is Visible" library="AppiumLibrary">
<arg>${TOOLBAR_TITLE}</arg>
<doc>Waits until element specified with `locator` is visible.</doc>
<status status="PASS" starttime="20220204 14:40:34.219" endtime="20220204 14:40:35.159"/>
</kw>
<kw name="Element Text Should Be" library="AppiumLibrary">
<arg>${TOOLBAR_TITLE}</arg>
<arg>DIALOGS</arg>
<doc>Verifies element identified by ``locator`` exactly contains text ``expected``.</doc>
<msg timestamp="20220204 14:40:35.167" level="INFO">Verifying element 'id=io.qaninja.android.twp:id/toolbarTitle' contains exactly text 'DIALOGS'.</msg>
<status status="PASS" starttime="20220204 14:40:35.160" endtime="20220204 14:40:35.277"/>
</kw>
<kw name="Close Session" library="base" type="TEARDOWN">
<kw name="Capture Page Screenshot" library="AppiumLibrary">
<doc>Takes a screenshot of the current page and embeds it into the log.</doc>
<msg timestamp="20220204 14:40:35.920" level="INFO" html="true">&lt;/td&gt;&lt;/tr&gt;&lt;tr&gt;&lt;td colspan="3"&gt;&lt;a href="appium-screenshot-6.png"&gt;&lt;img src="appium-screenshot-6.png" width="800px"&gt;&lt;/a&gt;</msg>
<status status="PASS" starttime="20220204 14:40:35.281" endtime="20220204 14:40:35.921"/>
</kw>
<kw name="Close Application" library="AppiumLibrary">
<doc>Closes the current application and also close webdriver session.</doc>
<status status="PASS" starttime="20220204 14:40:35.921" endtime="20220204 14:40:37.523"/>
</kw>
<status status="PASS" starttime="20220204 14:40:35.279" endtime="20220204 14:40:37.524"/>
</kw>
<status status="PASS" starttime="20220204 14:40:06.138" endtime="20220204 14:40:37.524"/>
</test>
<test id="s1-s6-t2" name="Deve acessar a tela Formularios">
<kw name="Open Session" library="base" type="SETUP">
<kw name="Set Appium Timeout" library="AppiumLibrary">
<arg>5</arg>
<doc>Sets the timeout in seconds used by various keywords.</doc>
<status status="PASS" starttime="20220204 14:40:37.529" endtime="20220204 14:40:37.529"/>
</kw>
<kw name="Open Application" library="AppiumLibrary">
<arg>http://localhost:4723/wd/hub</arg>
<arg>automationName=UiAutomator2</arg>
<arg>platformName=Android</arg>
<arg>deviceName=Android Emulator</arg>
<arg>app=${EXECDIR}/app/twp.apk</arg>
<doc>Opens a new application to given Appium server.
Capabilities of appium server, Android and iOS,
Please check https://github.com/appium/appium/blob/master/docs/en/writing-running-appium/server-args.md
| *Option*            | *Man.* | *Description*     |
| remote_url          | Yes    | Appium server url |
| alias               | no     | alias             |</doc>
<status status="PASS" starttime="20220204 14:40:37.530" endtime="20220204 14:40:57.794"/>
</kw>
<kw name="Get Started" library="helpers">
<kw name="Wait Until Page Contains" library="AppiumLibrary">
<arg>${START}</arg>
<doc>Waits until `text` appears on current page.</doc>
<status status="PASS" starttime="20220204 14:40:57.796" endtime="20220204 14:41:01.722"/>
</kw>
<kw name="Click Text" library="AppiumLibrary">
<arg>${START}</arg>
<doc>Click text identified by ``text``.</doc>
<status status="PASS" starttime="20220204 14:41:01.722" endtime="20220204 14:41:02.213"/>
</kw>
<status status="PASS" starttime="20220204 14:40:57.794" endtime="20220204 14:41:02.214"/>
</kw>
<status status="PASS" starttime="20220204 14:40:37.528" endtime="20220204 14:41:02.214"/>
</kw>
<kw name="Open Nav" library="helpers">
<kw name="Wait Until Element Is Visible" library="AppiumLibrary">
<arg>${HAMBURGER}</arg>
<doc>Waits until element specified with `locator` is visible.</doc>
<status status="PASS" starttime="20220204 14:41:02.217" endtime="20220204 14:41:04.099"/>
</kw>
<kw name="Click Element" library="AppiumLibrary">
<arg>${HAMBURGER}</arg>
<doc>Click element identified by `locator`.</doc>
<msg timestamp="20220204 14:41:04.104" level="INFO">Clicking element 'xpath=//android.widget.ImageButton[@content-desc="Open navigation drawer"]'.</msg>
<status status="PASS" starttime="20220204 14:41:04.100" endtime="20220204 14:41:04.346"/>
</kw>
<kw name="Wait Until Element Is Visible" library="AppiumLibrary">
<arg>${NAV_VIEW}</arg>
<doc>Waits until element specified with `locator` is visible.</doc>
<status status="PASS" starttime="20220204 14:41:04.346" endtime="20220204 14:41:05.313"/>
</kw>
<status status="PASS" starttime="20220204 14:41:02.215" endtime="20220204 14:41:05.313"/>
</kw>
<kw name="Click Text" library="AppiumLibrary">
<arg>FORMS</arg>
<doc>Click text identified by ``text``.</doc>
<status status="PASS" starttime="20220204 14:41:05.315" endtime="20220204 14:41:05.686"/>
</kw>
<kw name="Wait Until Element Is Visible" library="AppiumLibrary">
<arg>${TOOLBAR_TITLE}</arg>
<doc>Waits until element specified with `locator` is visible.</doc>
<status status="PASS" starttime="20220204 14:41:05.687" endtime="20220204 14:41:06.650"/>
</kw>
<kw name="Element Text Should Be" library="AppiumLibrary">
<arg>${TOOLBAR_TITLE}</arg>
<arg>FORMS</arg>
<doc>Verifies element identified by ``locator`` exactly contains text ``expected``.</doc>
<msg timestamp="20220204 14:41:06.655" level="INFO">Verifying element 'id=io.qaninja.android.twp:id/toolbarTitle' contains exactly text 'FORMS'.</msg>
<status status="PASS" starttime="20220204 14:41:06.651" endtime="20220204 14:41:06.786"/>
</kw>
<kw name="Close Session" library="base" type="TEARDOWN">
<kw name="Capture Page Screenshot" library="AppiumLibrary">
<doc>Takes a screenshot of the current page and embeds it into the log.</doc>
<msg timestamp="20220204 14:41:07.509" level="INFO" html="true">&lt;/td&gt;&lt;/tr&gt;&lt;tr&gt;&lt;td colspan="3"&gt;&lt;a href="appium-screenshot-7.png"&gt;&lt;img src="appium-screenshot-7.png" width="800px"&gt;&lt;/a&gt;</msg>
<status status="PASS" starttime="20220204 14:41:06.789" endtime="20220204 14:41:07.510"/>
</kw>
<kw name="Close Application" library="AppiumLibrary">
<doc>Closes the current application and also close webdriver session.</doc>
<status status="PASS" starttime="20220204 14:41:07.510" endtime="20220204 14:41:09.150"/>
</kw>
<status status="PASS" starttime="20220204 14:41:06.788" endtime="20220204 14:41:09.150"/>
</kw>
<status status="PASS" starttime="20220204 14:40:37.527" endtime="20220204 14:41:09.151"/>
</test>
<test id="s1-s6-t3" name="Deve acessar a tela de Vingadores">
<kw name="Open Session" library="base" type="SETUP">
<kw name="Set Appium Timeout" library="AppiumLibrary">
<arg>5</arg>
<doc>Sets the timeout in seconds used by various keywords.</doc>
<status status="PASS" starttime="20220204 14:41:09.155" endtime="20220204 14:41:09.155"/>
</kw>
<kw name="Open Application" library="AppiumLibrary">
<arg>http://localhost:4723/wd/hub</arg>
<arg>automationName=UiAutomator2</arg>
<arg>platformName=Android</arg>
<arg>deviceName=Android Emulator</arg>
<arg>app=${EXECDIR}/app/twp.apk</arg>
<doc>Opens a new application to given Appium server.
Capabilities of appium server, Android and iOS,
Please check https://github.com/appium/appium/blob/master/docs/en/writing-running-appium/server-args.md
| *Option*            | *Man.* | *Description*     |
| remote_url          | Yes    | Appium server url |
| alias               | no     | alias             |</doc>
<status status="PASS" starttime="20220204 14:41:09.156" endtime="20220204 14:41:29.676"/>
</kw>
<kw name="Get Started" library="helpers">
<kw name="Wait Until Page Contains" library="AppiumLibrary">
<arg>${START}</arg>
<doc>Waits until `text` appears on current page.</doc>
<status status="PASS" starttime="20220204 14:41:29.678" endtime="20220204 14:41:33.424"/>
</kw>
<kw name="Click Text" library="AppiumLibrary">
<arg>${START}</arg>
<doc>Click text identified by ``text``.</doc>
<status status="PASS" starttime="20220204 14:41:33.424" endtime="20220204 14:41:33.910"/>
</kw>
<status status="PASS" starttime="20220204 14:41:29.676" endtime="20220204 14:41:33.911"/>
</kw>
<status status="PASS" starttime="20220204 14:41:09.154" endtime="20220204 14:41:33.912"/>
</kw>
<kw name="Open Nav" library="helpers">
<kw name="Wait Until Element Is Visible" library="AppiumLibrary">
<arg>${HAMBURGER}</arg>
<doc>Waits until element specified with `locator` is visible.</doc>
<status status="PASS" starttime="20220204 14:41:33.917" endtime="20220204 14:41:35.360"/>
</kw>
<kw name="Click Element" library="AppiumLibrary">
<arg>${HAMBURGER}</arg>
<doc>Click element identified by `locator`.</doc>
<msg timestamp="20220204 14:41:35.365" level="INFO">Clicking element 'xpath=//android.widget.ImageButton[@content-desc="Open navigation drawer"]'.</msg>
<status status="PASS" starttime="20220204 14:41:35.361" endtime="20220204 14:41:35.577"/>
</kw>
<kw name="Wait Until Element Is Visible" library="AppiumLibrary">
<arg>${NAV_VIEW}</arg>
<doc>Waits until element specified with `locator` is visible.</doc>
<status status="PASS" starttime="20220204 14:41:35.578" endtime="20220204 14:41:36.569"/>
</kw>
<status status="PASS" starttime="20220204 14:41:33.914" endtime="20220204 14:41:36.569"/>
</kw>
<kw name="Click Text" library="AppiumLibrary">
<arg>AVENGERS</arg>
<doc>Click text identified by ``text``.</doc>
<status status="PASS" starttime="20220204 14:41:36.570" endtime="20220204 14:41:36.958"/>
</kw>
<kw name="Wait Until Element Is Visible" library="AppiumLibrary">
<arg>${TOOLBAR_TITLE}</arg>
<doc>Waits until element specified with `locator` is visible.</doc>
<status status="PASS" starttime="20220204 14:41:36.962" endtime="20220204 14:41:37.909"/>
</kw>
<kw name="Element Text Should Be" library="AppiumLibrary">
<arg>${TOOLBAR_TITLE}</arg>
<arg>AVENGERS</arg>
<doc>Verifies element identified by ``locator`` exactly contains text ``expected``.</doc>
<msg timestamp="20220204 14:41:37.918" level="INFO">Verifying element 'id=io.qaninja.android.twp:id/toolbarTitle' contains exactly text 'AVENGERS'.</msg>
<status status="PASS" starttime="20220204 14:41:37.912" endtime="20220204 14:41:38.038"/>
</kw>
<kw name="Close Session" library="base" type="TEARDOWN">
<kw name="Capture Page Screenshot" library="AppiumLibrary">
<doc>Takes a screenshot of the current page and embeds it into the log.</doc>
<msg timestamp="20220204 14:41:38.757" level="INFO" html="true">&lt;/td&gt;&lt;/tr&gt;&lt;tr&gt;&lt;td colspan="3"&gt;&lt;a href="appium-screenshot-8.png"&gt;&lt;img src="appium-screenshot-8.png" width="800px"&gt;&lt;/a&gt;</msg>
<status status="PASS" starttime="20220204 14:41:38.040" endtime="20220204 14:41:38.757"/>
</kw>
<kw name="Close Application" library="AppiumLibrary">
<doc>Closes the current application and also close webdriver session.</doc>
<status status="PASS" starttime="20220204 14:41:38.757" endtime="20220204 14:41:40.314"/>
</kw>
<status status="PASS" starttime="20220204 14:41:38.039" endtime="20220204 14:41:40.315"/>
</kw>
<status status="PASS" starttime="20220204 14:41:09.153" endtime="20220204 14:41:40.316"/>
</test>
<status status="PASS" starttime="20220204 14:40:06.120" endtime="20220204 14:41:40.319"/>
</suite>
<suite id="s1-s7" name="Radio" source="C:\qaninja\twp\tests\radio.robot">
<test id="s1-s7-t1" name="Deve selecionar a opção Python">
<kw name="Open Session" library="base" type="SETUP">
<kw name="Set Appium Timeout" library="AppiumLibrary">
<arg>5</arg>
<doc>Sets the timeout in seconds used by various keywords.</doc>
<status status="PASS" starttime="20220204 14:41:40.342" endtime="20220204 14:41:40.343"/>
</kw>
<kw name="Open Application" library="AppiumLibrary">
<arg>http://localhost:4723/wd/hub</arg>
<arg>automationName=UiAutomator2</arg>
<arg>platformName=Android</arg>
<arg>deviceName=Android Emulator</arg>
<arg>app=${EXECDIR}/app/twp.apk</arg>
<doc>Opens a new application to given Appium server.
Capabilities of appium server, Android and iOS,
Please check https://github.com/appium/appium/blob/master/docs/en/writing-running-appium/server-args.md
| *Option*            | *Man.* | *Description*     |
| remote_url          | Yes    | Appium server url |
| alias               | no     | alias             |</doc>
<status status="PASS" starttime="20220204 14:41:40.343" endtime="20220204 14:42:01.018"/>
</kw>
<kw name="Get Started" library="helpers">
<kw name="Wait Until Page Contains" library="AppiumLibrary">
<arg>${START}</arg>
<doc>Waits until `text` appears on current page.</doc>
<status status="PASS" starttime="20220204 14:42:01.020" endtime="20220204 14:42:04.640"/>
</kw>
<kw name="Click Text" library="AppiumLibrary">
<arg>${START}</arg>
<doc>Click text identified by ``text``.</doc>
<status status="PASS" starttime="20220204 14:42:04.640" endtime="20220204 14:42:05.052"/>
</kw>
<status status="PASS" starttime="20220204 14:42:01.019" endtime="20220204 14:42:05.053"/>
</kw>
<status status="PASS" starttime="20220204 14:41:40.340" endtime="20220204 14:42:05.054"/>
</kw>
<kw name="Go To Radion Buttons" library="helpers">
<kw name="Open Nav" library="helpers">
<kw name="Wait Until Element Is Visible" library="AppiumLibrary">
<arg>${HAMBURGER}</arg>
<doc>Waits until element specified with `locator` is visible.</doc>
<status status="PASS" starttime="20220204 14:42:05.060" endtime="20220204 14:42:06.408"/>
</kw>
<kw name="Click Element" library="AppiumLibrary">
<arg>${HAMBURGER}</arg>
<doc>Click element identified by `locator`.</doc>
<msg timestamp="20220204 14:42:06.413" level="INFO">Clicking element 'xpath=//android.widget.ImageButton[@content-desc="Open navigation drawer"]'.</msg>
<status status="PASS" starttime="20220204 14:42:06.408" endtime="20220204 14:42:06.631"/>
</kw>
<kw name="Wait Until Element Is Visible" library="AppiumLibrary">
<arg>${NAV_VIEW}</arg>
<doc>Waits until element specified with `locator` is visible.</doc>
<status status="PASS" starttime="20220204 14:42:06.632" endtime="20220204 14:42:07.613"/>
</kw>
<status status="PASS" starttime="20220204 14:42:05.056" endtime="20220204 14:42:07.613"/>
</kw>
<kw name="Click Text" library="AppiumLibrary">
<arg>INPUTS</arg>
<doc>Click text identified by ``text``.</doc>
<status status="PASS" starttime="20220204 14:42:07.614" endtime="20220204 14:42:07.923"/>
</kw>
<kw name="Wait Until Page Contains" library="AppiumLibrary">
<arg>INPUTS</arg>
<doc>Waits until `text` appears on current page.</doc>
<status status="PASS" starttime="20220204 14:42:07.924" endtime="20220204 14:42:08.674"/>
</kw>
<kw name="Click Text" library="AppiumLibrary">
<arg>BOTÕES DE RADIO</arg>
<doc>Click text identified by ``text``.</doc>
<status status="PASS" starttime="20220204 14:42:08.675" endtime="20220204 14:42:09.084"/>
</kw>
<kw name="Wait Until Page Contains" library="AppiumLibrary">
<arg>Escolha sua linguagem preferida</arg>
<doc>Waits until `text` appears on current page.</doc>
<status status="PASS" starttime="20220204 14:42:09.084" endtime="20220204 14:42:10.646"/>
</kw>
<status status="PASS" starttime="20220204 14:42:05.055" endtime="20220204 14:42:10.647"/>
</kw>
<kw name="Set Variable" library="BuiltIn">
<var>${element}</var>
<arg>xpath=//android.widget.RadioButton[contains(@text, 'Python')]</arg>
<doc>Returns the given values which can then be assigned to a variables.</doc>
<msg timestamp="20220204 14:42:10.648" level="INFO">${element} = xpath=//android.widget.RadioButton[contains(@text, 'Python')]</msg>
<status status="PASS" starttime="20220204 14:42:10.648" endtime="20220204 14:42:10.648"/>
</kw>
<kw name="Click Element" library="AppiumLibrary">
<arg>${element}</arg>
<doc>Click element identified by `locator`.</doc>
<msg timestamp="20220204 14:42:10.653" level="INFO">Clicking element 'xpath=//android.widget.RadioButton[contains(@text, 'Python')]'.</msg>
<status status="PASS" starttime="20220204 14:42:10.649" endtime="20220204 14:42:10.869"/>
</kw>
<kw name="Wait Until Element Is Visible" library="AppiumLibrary">
<arg>${element}</arg>
<doc>Waits until element specified with `locator` is visible.</doc>
<status status="PASS" starttime="20220204 14:42:10.871" endtime="20220204 14:42:11.708"/>
</kw>
<kw name="Element Attribute Should Match" library="AppiumLibrary">
<arg>${element}</arg>
<arg>checked</arg>
<arg>true</arg>
<doc>Verify that an attribute of an element matches the expected criteria.</doc>
<msg timestamp="20220204 14:42:11.880" level="INFO">Element 'xpath=//android.widget.RadioButton[contains(@text, 'Python')]' attribute 'checked' is 'true' </msg>
<status status="PASS" starttime="20220204 14:42:11.710" endtime="20220204 14:42:11.880"/>
</kw>
<kw name="Close Session" library="base" type="TEARDOWN">
<kw name="Capture Page Screenshot" library="AppiumLibrary">
<doc>Takes a screenshot of the current page and embeds it into the log.</doc>
<msg timestamp="20220204 14:42:12.643" level="INFO" html="true">&lt;/td&gt;&lt;/tr&gt;&lt;tr&gt;&lt;td colspan="3"&gt;&lt;a href="appium-screenshot-9.png"&gt;&lt;img src="appium-screenshot-9.png" width="800px"&gt;&lt;/a&gt;</msg>
<status status="PASS" starttime="20220204 14:42:11.883" endtime="20220204 14:42:12.643"/>
</kw>
<kw name="Close Application" library="AppiumLibrary">
<doc>Closes the current application and also close webdriver session.</doc>
<status status="PASS" starttime="20220204 14:42:12.644" endtime="20220204 14:42:14.317"/>
</kw>
<status status="PASS" starttime="20220204 14:42:11.882" endtime="20220204 14:42:14.318"/>
</kw>
<status status="PASS" starttime="20220204 14:41:40.338" endtime="20220204 14:42:14.319"/>
</test>
<status status="PASS" starttime="20220204 14:41:40.324" endtime="20220204 14:42:14.321"/>
</suite>
<suite id="s1-s8" name="Spinner" source="C:\qaninja\twp\tests\spinner.robot">
<test id="s1-s8-t1" name="Deve selecionar um perfil QA">
<kw name="Open Session" library="base" type="SETUP">
<kw name="Set Appium Timeout" library="AppiumLibrary">
<arg>5</arg>
<doc>Sets the timeout in seconds used by various keywords.</doc>
<status status="PASS" starttime="20220204 14:42:14.344" endtime="20220204 14:42:14.345"/>
</kw>
<kw name="Open Application" library="AppiumLibrary">
<arg>http://localhost:4723/wd/hub</arg>
<arg>automationName=UiAutomator2</arg>
<arg>platformName=Android</arg>
<arg>deviceName=Android Emulator</arg>
<arg>app=${EXECDIR}/app/twp.apk</arg>
<doc>Opens a new application to given Appium server.
Capabilities of appium server, Android and iOS,
Please check https://github.com/appium/appium/blob/master/docs/en/writing-running-appium/server-args.md
| *Option*            | *Man.* | *Description*     |
| remote_url          | Yes    | Appium server url |
| alias               | no     | alias             |</doc>
<status status="PASS" starttime="20220204 14:42:14.345" endtime="20220204 14:42:34.638"/>
</kw>
<kw name="Get Started" library="helpers">
<kw name="Wait Until Page Contains" library="AppiumLibrary">
<arg>${START}</arg>
<doc>Waits until `text` appears on current page.</doc>
<status status="PASS" starttime="20220204 14:42:34.640" endtime="20220204 14:42:38.515"/>
</kw>
<kw name="Click Text" library="AppiumLibrary">
<arg>${START}</arg>
<doc>Click text identified by ``text``.</doc>
<status status="PASS" starttime="20220204 14:42:38.515" endtime="20220204 14:42:38.917"/>
</kw>
<status status="PASS" starttime="20220204 14:42:34.639" endtime="20220204 14:42:38.918"/>
</kw>
<status status="PASS" starttime="20220204 14:42:14.343" endtime="20220204 14:42:38.918"/>
</kw>
<kw name="Go To SingUp Form" library="helpers">
<kw name="Open Nav" library="helpers">
<kw name="Wait Until Element Is Visible" library="AppiumLibrary">
<arg>${HAMBURGER}</arg>
<doc>Waits until element specified with `locator` is visible.</doc>
<status status="PASS" starttime="20220204 14:42:38.921" endtime="20220204 14:42:40.452"/>
</kw>
<kw name="Click Element" library="AppiumLibrary">
<arg>${HAMBURGER}</arg>
<doc>Click element identified by `locator`.</doc>
<msg timestamp="20220204 14:42:40.457" level="INFO">Clicking element 'xpath=//android.widget.ImageButton[@content-desc="Open navigation drawer"]'.</msg>
<status status="PASS" starttime="20220204 14:42:40.452" endtime="20220204 14:42:40.671"/>
</kw>
<kw name="Wait Until Element Is Visible" library="AppiumLibrary">
<arg>${NAV_VIEW}</arg>
<doc>Waits until element specified with `locator` is visible.</doc>
<status status="PASS" starttime="20220204 14:42:40.671" endtime="20220204 14:42:41.681"/>
</kw>
<status status="PASS" starttime="20220204 14:42:38.920" endtime="20220204 14:42:41.682"/>
</kw>
<kw name="Click Text" library="AppiumLibrary">
<arg>FORMS</arg>
<doc>Click text identified by ``text``.</doc>
<status status="PASS" starttime="20220204 14:42:41.682" endtime="20220204 14:42:41.997"/>
</kw>
<kw name="Wait Until Page Contains" library="AppiumLibrary">
<arg>FORMS</arg>
<doc>Waits until `text` appears on current page.</doc>
<status status="PASS" starttime="20220204 14:42:41.997" endtime="20220204 14:42:42.676"/>
</kw>
<kw name="Click Text" library="AppiumLibrary">
<arg>CADASTRO</arg>
<doc>Click text identified by ``text``.</doc>
<status status="PASS" starttime="20220204 14:42:42.677" endtime="20220204 14:42:43.070"/>
</kw>
<kw name="Wait Until Page Contains" library="AppiumLibrary">
<arg>Bem-vindo, crie sua conta.</arg>
<doc>Waits until `text` appears on current page.</doc>
<status status="PASS" starttime="20220204 14:42:43.071" endtime="20220204 14:42:44.869"/>
</kw>
<status status="PASS" starttime="20220204 14:42:38.919" endtime="20220204 14:42:44.870"/>
</kw>
<kw name="Choice Job">
<arg>QA</arg>
<kw name="Click Element" library="AppiumLibrary">
<arg>${SPINNER}</arg>
<doc>Click element identified by `locator`.</doc>
<msg timestamp="20220204 14:42:44.876" level="INFO">Clicking element 'id=io.qaninja.android.twp:id/spinnerJob'.</msg>
<status status="PASS" starttime="20220204 14:42:44.872" endtime="20220204 14:42:45.015"/>
</kw>
<kw name="Wait Until Element Is Visible" library="AppiumLibrary">
<arg>${LIST_OPTIONS}</arg>
<doc>Waits until element specified with `locator` is visible.</doc>
<status status="PASS" starttime="20220204 14:42:45.015" endtime="20220204 14:42:46.286"/>
</kw>
<kw name="Click Text" library="AppiumLibrary">
<arg>${target}</arg>
<doc>Click text identified by ``text``.</doc>
<status status="PASS" starttime="20220204 14:42:46.286" endtime="20220204 14:42:47.199"/>
</kw>
<status status="PASS" starttime="20220204 14:42:44.871" endtime="20220204 14:42:47.199"/>
</kw>
<kw name="Close Session" library="base" type="TEARDOWN">
<kw name="Capture Page Screenshot" library="AppiumLibrary">
<doc>Takes a screenshot of the current page and embeds it into the log.</doc>
<msg timestamp="20220204 14:42:47.923" level="INFO" html="true">&lt;/td&gt;&lt;/tr&gt;&lt;tr&gt;&lt;td colspan="3"&gt;&lt;a href="appium-screenshot-10.png"&gt;&lt;img src="appium-screenshot-10.png" width="800px"&gt;&lt;/a&gt;</msg>
<status status="PASS" starttime="20220204 14:42:47.201" endtime="20220204 14:42:47.924"/>
</kw>
<kw name="Close Application" library="AppiumLibrary">
<doc>Closes the current application and also close webdriver session.</doc>
<status status="PASS" starttime="20220204 14:42:47.925" endtime="20220204 14:42:49.753"/>
</kw>
<status status="PASS" starttime="20220204 14:42:47.201" endtime="20220204 14:42:49.753"/>
</kw>
<status status="PASS" starttime="20220204 14:42:14.340" endtime="20220204 14:42:49.754"/>
</test>
<test id="s1-s8-t2" name="Deve selecionar um perfil UX">
<kw name="Open Session" library="base" type="SETUP">
<kw name="Set Appium Timeout" library="AppiumLibrary">
<arg>5</arg>
<doc>Sets the timeout in seconds used by various keywords.</doc>
<status status="PASS" starttime="20220204 14:42:49.758" endtime="20220204 14:42:49.759"/>
</kw>
<kw name="Open Application" library="AppiumLibrary">
<arg>http://localhost:4723/wd/hub</arg>
<arg>automationName=UiAutomator2</arg>
<arg>platformName=Android</arg>
<arg>deviceName=Android Emulator</arg>
<arg>app=${EXECDIR}/app/twp.apk</arg>
<doc>Opens a new application to given Appium server.
Capabilities of appium server, Android and iOS,
Please check https://github.com/appium/appium/blob/master/docs/en/writing-running-appium/server-args.md
| *Option*            | *Man.* | *Description*     |
| remote_url          | Yes    | Appium server url |
| alias               | no     | alias             |</doc>
<status status="PASS" starttime="20220204 14:42:49.759" endtime="20220204 14:43:10.816"/>
</kw>
<kw name="Get Started" library="helpers">
<kw name="Wait Until Page Contains" library="AppiumLibrary">
<arg>${START}</arg>
<doc>Waits until `text` appears on current page.</doc>
<status status="PASS" starttime="20220204 14:43:10.818" endtime="20220204 14:43:14.563"/>
</kw>
<kw name="Click Text" library="AppiumLibrary">
<arg>${START}</arg>
<doc>Click text identified by ``text``.</doc>
<status status="PASS" starttime="20220204 14:43:14.563" endtime="20220204 14:43:15.014"/>
</kw>
<status status="PASS" starttime="20220204 14:43:10.816" endtime="20220204 14:43:15.015"/>
</kw>
<status status="PASS" starttime="20220204 14:42:49.758" endtime="20220204 14:43:15.015"/>
</kw>
<kw name="Go To SingUp Form" library="helpers">
<kw name="Open Nav" library="helpers">
<kw name="Wait Until Element Is Visible" library="AppiumLibrary">
<arg>${HAMBURGER}</arg>
<doc>Waits until element specified with `locator` is visible.</doc>
<status status="PASS" starttime="20220204 14:43:15.018" endtime="20220204 14:43:16.474"/>
</kw>
<kw name="Click Element" library="AppiumLibrary">
<arg>${HAMBURGER}</arg>
<doc>Click element identified by `locator`.</doc>
<msg timestamp="20220204 14:43:16.478" level="INFO">Clicking element 'xpath=//android.widget.ImageButton[@content-desc="Open navigation drawer"]'.</msg>
<status status="PASS" starttime="20220204 14:43:16.474" endtime="20220204 14:43:16.692"/>
</kw>
<kw name="Wait Until Element Is Visible" library="AppiumLibrary">
<arg>${NAV_VIEW}</arg>
<doc>Waits until element specified with `locator` is visible.</doc>
<status status="PASS" starttime="20220204 14:43:16.692" endtime="20220204 14:43:17.643"/>
</kw>
<status status="PASS" starttime="20220204 14:43:15.017" endtime="20220204 14:43:17.643"/>
</kw>
<kw name="Click Text" library="AppiumLibrary">
<arg>FORMS</arg>
<doc>Click text identified by ``text``.</doc>
<status status="PASS" starttime="20220204 14:43:17.644" endtime="20220204 14:43:17.985"/>
</kw>
<kw name="Wait Until Page Contains" library="AppiumLibrary">
<arg>FORMS</arg>
<doc>Waits until `text` appears on current page.</doc>
<status status="PASS" starttime="20220204 14:43:17.985" endtime="20220204 14:43:18.738"/>
</kw>
<kw name="Click Text" library="AppiumLibrary">
<arg>CADASTRO</arg>
<doc>Click text identified by ``text``.</doc>
<status status="PASS" starttime="20220204 14:43:18.738" endtime="20220204 14:43:19.125"/>
</kw>
<kw name="Wait Until Page Contains" library="AppiumLibrary">
<arg>Bem-vindo, crie sua conta.</arg>
<doc>Waits until `text` appears on current page.</doc>
<status status="PASS" starttime="20220204 14:43:19.126" endtime="20220204 14:43:20.925"/>
</kw>
<status status="PASS" starttime="20220204 14:43:15.017" endtime="20220204 14:43:20.925"/>
</kw>
<kw name="Choice Job">
<arg>UX</arg>
<kw name="Click Element" library="AppiumLibrary">
<arg>${SPINNER}</arg>
<doc>Click element identified by `locator`.</doc>
<msg timestamp="20220204 14:43:20.932" level="INFO">Clicking element 'id=io.qaninja.android.twp:id/spinnerJob'.</msg>
<status status="PASS" starttime="20220204 14:43:20.927" endtime="20220204 14:43:21.073"/>
</kw>
<kw name="Wait Until Element Is Visible" library="AppiumLibrary">
<arg>${LIST_OPTIONS}</arg>
<doc>Waits until element specified with `locator` is visible.</doc>
<status status="PASS" starttime="20220204 14:43:21.074" endtime="20220204 14:43:22.309"/>
</kw>
<kw name="Click Text" library="AppiumLibrary">
<arg>${target}</arg>
<doc>Click text identified by ``text``.</doc>
<status status="PASS" starttime="20220204 14:43:22.309" endtime="20220204 14:43:23.234"/>
</kw>
<status status="PASS" starttime="20220204 14:43:20.926" endtime="20220204 14:43:23.234"/>
</kw>
<kw name="Close Session" library="base" type="TEARDOWN">
<kw name="Capture Page Screenshot" library="AppiumLibrary">
<doc>Takes a screenshot of the current page and embeds it into the log.</doc>
<msg timestamp="20220204 14:43:23.998" level="INFO" html="true">&lt;/td&gt;&lt;/tr&gt;&lt;tr&gt;&lt;td colspan="3"&gt;&lt;a href="appium-screenshot-11.png"&gt;&lt;img src="appium-screenshot-11.png" width="800px"&gt;&lt;/a&gt;</msg>
<status status="PASS" starttime="20220204 14:43:23.237" endtime="20220204 14:43:23.998"/>
</kw>
<kw name="Close Application" library="AppiumLibrary">
<doc>Closes the current application and also close webdriver session.</doc>
<status status="PASS" starttime="20220204 14:43:23.999" endtime="20220204 14:43:25.682"/>
</kw>
<status status="PASS" starttime="20220204 14:43:23.236" endtime="20220204 14:43:25.682"/>
</kw>
<status status="PASS" starttime="20220204 14:42:49.756" endtime="20220204 14:43:25.683"/>
</test>
<status status="PASS" starttime="20220204 14:42:14.325" endtime="20220204 14:43:25.686"/>
</suite>
<suite id="s1-s9" name="Swipe" source="C:\qaninja\twp\tests\swipe.robot">
<test id="s1-s9-t1" name="Deve remover o Capitão American">
<kw name="Open Session" library="base" type="SETUP">
<kw name="Set Appium Timeout" library="AppiumLibrary">
<arg>5</arg>
<doc>Sets the timeout in seconds used by various keywords.</doc>
<status status="PASS" starttime="20220204 14:43:25.711" endtime="20220204 14:43:25.712"/>
</kw>
<kw name="Open Application" library="AppiumLibrary">
<arg>http://localhost:4723/wd/hub</arg>
<arg>automationName=UiAutomator2</arg>
<arg>platformName=Android</arg>
<arg>deviceName=Android Emulator</arg>
<arg>app=${EXECDIR}/app/twp.apk</arg>
<doc>Opens a new application to given Appium server.
Capabilities of appium server, Android and iOS,
Please check https://github.com/appium/appium/blob/master/docs/en/writing-running-appium/server-args.md
| *Option*            | *Man.* | *Description*     |
| remote_url          | Yes    | Appium server url |
| alias               | no     | alias             |</doc>
<status status="PASS" starttime="20220204 14:43:25.713" endtime="20220204 14:43:45.840"/>
</kw>
<kw name="Get Started" library="helpers">
<kw name="Wait Until Page Contains" library="AppiumLibrary">
<arg>${START}</arg>
<doc>Waits until `text` appears on current page.</doc>
<status status="PASS" starttime="20220204 14:43:45.841" endtime="20220204 14:43:49.794"/>
</kw>
<kw name="Click Text" library="AppiumLibrary">
<arg>${START}</arg>
<doc>Click text identified by ``text``.</doc>
<status status="PASS" starttime="20220204 14:43:49.794" endtime="20220204 14:43:50.209"/>
</kw>
<status status="PASS" starttime="20220204 14:43:45.840" endtime="20220204 14:43:50.210"/>
</kw>
<status status="PASS" starttime="20220204 14:43:25.710" endtime="20220204 14:43:50.211"/>
</kw>
<kw name="Go To Avenger List" library="helpers">
<kw name="Open Nav" library="helpers">
<kw name="Wait Until Element Is Visible" library="AppiumLibrary">
<arg>${HAMBURGER}</arg>
<doc>Waits until element specified with `locator` is visible.</doc>
<status status="PASS" starttime="20220204 14:43:50.214" endtime="20220204 14:43:51.613"/>
</kw>
<kw name="Click Element" library="AppiumLibrary">
<arg>${HAMBURGER}</arg>
<doc>Click element identified by `locator`.</doc>
<msg timestamp="20220204 14:43:51.619" level="INFO">Clicking element 'xpath=//android.widget.ImageButton[@content-desc="Open navigation drawer"]'.</msg>
<status status="PASS" starttime="20220204 14:43:51.614" endtime="20220204 14:43:51.856"/>
</kw>
<kw name="Wait Until Element Is Visible" library="AppiumLibrary">
<arg>${NAV_VIEW}</arg>
<doc>Waits until element specified with `locator` is visible.</doc>
<status status="PASS" starttime="20220204 14:43:51.856" endtime="20220204 14:43:52.834"/>
</kw>
<status status="PASS" starttime="20220204 14:43:50.213" endtime="20220204 14:43:52.835"/>
</kw>
<kw name="Click Text" library="AppiumLibrary">
<arg>AVENGERS</arg>
<doc>Click text identified by ``text``.</doc>
<status status="PASS" starttime="20220204 14:43:52.835" endtime="20220204 14:43:53.184"/>
</kw>
<kw name="Wait Until Page Contains" library="AppiumLibrary">
<arg>AVENGERS</arg>
<doc>Waits until `text` appears on current page.</doc>
<status status="PASS" starttime="20220204 14:43:53.185" endtime="20220204 14:43:53.930"/>
</kw>
<kw name="Click Text" library="AppiumLibrary">
<arg>LISTA</arg>
<doc>Click text identified by ``text``.</doc>
<status status="PASS" starttime="20220204 14:43:53.930" endtime="20220204 14:43:54.270"/>
</kw>
<kw name="Wait Until Page Contains" library="AppiumLibrary">
<arg>LISTA</arg>
<doc>Waits until `text` appears on current page.</doc>
<status status="PASS" starttime="20220204 14:43:54.270" endtime="20220204 14:43:56.146"/>
</kw>
<status status="PASS" starttime="20220204 14:43:50.212" endtime="20220204 14:43:56.147"/>
</kw>
<kw name="Swipe By Percent" library="AppiumLibrary">
<arg>88.88</arg>
<arg>18.22</arg>
<arg>47.22</arg>
<arg>18.22</arg>
<doc>Swipe from one percent of the screen to another percent, for an optional duration.
Normal swipe fails to scale for different screen resolutions, this can be avoided using percent.</doc>
<status status="PASS" starttime="20220204 14:43:56.148" endtime="20220204 14:43:57.908"/>
</kw>
<kw name="Wait Until Element Is Visible" library="AppiumLibrary">
<arg>${BTN_REMOVE}</arg>
<doc>Waits until element specified with `locator` is visible.</doc>
<status status="PASS" starttime="20220204 14:43:57.909" endtime="20220204 14:43:58.032"/>
</kw>
<kw name="Click Element" library="AppiumLibrary">
<arg>${BTN_REMOVE}</arg>
<doc>Click element identified by `locator`.</doc>
<msg timestamp="20220204 14:43:58.040" level="INFO">Clicking element 'id=io.qaninja.android.twp:id/btnRemove'.</msg>
<status status="PASS" starttime="20220204 14:43:58.033" endtime="20220204 14:43:58.216"/>
</kw>
<kw name="Sleep" library="BuiltIn">
<arg>5</arg>
<doc>Pauses the test executed for the given time.</doc>
<msg timestamp="20220204 14:44:03.233" level="INFO">Slept 5 seconds</msg>
<status status="PASS" starttime="20220204 14:43:58.217" endtime="20220204 14:44:03.233"/>
</kw>
<kw name="Close Session" library="base" type="TEARDOWN">
<kw name="Capture Page Screenshot" library="AppiumLibrary">
<doc>Takes a screenshot of the current page and embeds it into the log.</doc>
<msg timestamp="20220204 14:44:04.000" level="INFO" html="true">&lt;/td&gt;&lt;/tr&gt;&lt;tr&gt;&lt;td colspan="3"&gt;&lt;a href="appium-screenshot-12.png"&gt;&lt;img src="appium-screenshot-12.png" width="800px"&gt;&lt;/a&gt;</msg>
<status status="PASS" starttime="20220204 14:44:03.236" endtime="20220204 14:44:04.000"/>
</kw>
<kw name="Close Application" library="AppiumLibrary">
<doc>Closes the current application and also close webdriver session.</doc>
<status status="PASS" starttime="20220204 14:44:04.000" endtime="20220204 14:44:05.655"/>
</kw>
<status status="PASS" starttime="20220204 14:44:03.235" endtime="20220204 14:44:05.656"/>
</kw>
<status status="PASS" starttime="20220204 14:43:25.709" endtime="20220204 14:44:05.657"/>
</test>
<status status="PASS" starttime="20220204 14:43:25.692" endtime="20220204 14:44:05.660"/>
</suite>
<status status="PASS" starttime="20220204 14:36:34.802" endtime="20220204 14:44:05.667"/>
</suite>
<statistics>
<total>
<stat pass="13" fail="0" skip="0">All Tests</stat>
</total>
<tag>
<stat pass="1" fail="0" skip="0">long</stat>
<stat pass="1" fail="0" skip="0">short</stat>
</tag>
<suite>
<stat pass="13" fail="0" skip="0" id="s1" name="Tests">Tests</stat>
<stat pass="2" fail="0" skip="0" id="s1-s1" name="Buttons">Tests.Buttons</stat>
<stat pass="1" fail="0" skip="0" id="s1-s2" name="Checkbox">Tests.Checkbox</stat>
<stat pass="1" fail="0" skip="0" id="s1-s3" name="Drag-And-Drop">Tests.Drag-And-Drop</stat>
<stat pass="1" fail="0" skip="0" id="s1-s4" name="Home">Tests.Home</stat>
<stat pass="1" fail="0" skip="0" id="s1-s5" name="Login">Tests.Login</stat>
<stat pass="3" fail="0" skip="0" id="s1-s6" name="Nav">Tests.Nav</stat>
<stat pass="1" fail="0" skip="0" id="s1-s7" name="Radio">Tests.Radio</stat>
<stat pass="2" fail="0" skip="0" id="s1-s8" name="Spinner">Tests.Spinner</stat>
<stat pass="1" fail="0" skip="0" id="s1-s9" name="Swipe">Tests.Swipe</stat>
</suite>
</statistics>
<errors>
</errors>
</robot>
